<?xml version="1.0" encoding="UTF-8"?>
<testsuite xmlns:xsi="http://www.w3.org/2001/XMLSchema-instance" xsi:noNamespaceSchemaLocation="https://maven.apache.org/surefire/maven-surefire-plugin/xsd/surefire-test-report-3.0.xsd" version="3.0" name="runner.TestRunner" time="48.094" tests="8" errors="0" skipped="0" failures="0">
  <properties>
[...]
</properties>
  <testcase name="Intentos de inicio de sesión con diferentes credenciales #1" classname="Inicio de sesión en la aplicación" time="13.768">
    <system-out><![CDATA[
@Login @HU-001 @LoginOutline @HU-001
Scenario Outline: Intentos de inicio de sesiÃ³n con diferentes credenciales # src/test/resources/features/login.feature:17
  Given que el usuario abre la pÃ¡gina de login                             # steps.LoginSteps.abrirPaginaLogin()
  When ingresa el correo "tomsmith"                                        # steps.LoginSteps.ingresarCorreo(java.lang.String)
  And la contraseÃ±a "SuperSecretPassword!"                                 # steps.LoginSteps.ingresarPassword(java.lang.String)
  And hace clic en el botÃ³n de iniciar sesiÃ³n                              # steps.LoginSteps.clicIniciarSesion()
Mensaje capturado: 'You logged into a secure area!'
  Then deberÃ­a ver el mensaje "You logged into a secure area!"             # steps.LoginSteps.validarMensaje(java.lang.String)
]]></system-out>
    <system-err><![CDATA[SLF4J(W): No SLF4J providers were found.
SLF4J(W): Defaulting to no-operation (NOP) logger implementation
SLF4J(W): See https://www.slf4j.org/codes.html#noProviders for further details.
ago. 12, 2025 1:08:30 P. M. org.openqa.selenium.devtools.CdpVersionFinder findNearestMatch
WARNING: Unable to find CDP implementation matching 139
ago. 12, 2025 1:08:30 P. M. org.openqa.selenium.chromium.ChromiumDriver lambda$new$5
WARNING: Unable to find version of CDP to use for 139.0.7258.66. You may need to include a dependency on a specific version of the CDP using something similar to `org.seleniumhq.selenium:selenium-devtools-v86:4.21.0` where the version ("v86") matches the version of the chromium-based browser you're using and the version number of the artifact is the same as Selenium's.
]]></system-err>
  </testcase>
  <testcase name="Intentos de inicio de sesión con diferentes credenciales #2" classname="Inicio de sesión en la aplicación" time="4.843">
    <system-out><![CDATA[
@Login @HU-001 @LoginOutline @HU-001
Scenario Outline: Intentos de inicio de sesiÃ³n con diferentes credenciales # src/test/resources/features/login.feature:18
  Given que el usuario abre la pÃ¡gina de login                             # steps.LoginSteps.abrirPaginaLogin()
  When ingresa el correo "tomsmith"                                        # steps.LoginSteps.ingresarCorreo(java.lang.String)
  And la contraseÃ±a "incorrecta"                                           # steps.LoginSteps.ingresarPassword(java.lang.String)
  And hace clic en el botÃ³n de iniciar sesiÃ³n                              # steps.LoginSteps.clicIniciarSesion()
Mensaje capturado: 'Your password is invalid!'
  Then deberÃ­a ver el mensaje "Your password is invalid!"                  # steps.LoginSteps.validarMensaje(java.lang.String)
]]></system-out>
    <system-err><![CDATA[ago. 12, 2025 1:08:43 P. M. org.openqa.selenium.devtools.CdpVersionFinder findNearestMatch
WARNING: Unable to find CDP implementation matching 139
ago. 12, 2025 1:08:43 P. M. org.openqa.selenium.chromium.ChromiumDriver lambda$new$5
WARNING: Unable to find version of CDP to use for 139.0.7258.66. You may need to include a dependency on a specific version of the CDP using something similar to `org.seleniumhq.selenium:selenium-devtools-v86:4.21.0` where the version ("v86") matches the version of the chromium-based browser you're using and the version number of the artifact is the same as Selenium's.
]]></system-err>
  </testcase>
  <testcase name="Intentos de inicio de sesión con diferentes credenciales #3" classname="Inicio de sesión en la aplicación" time="3.791">
    <system-out><![CDATA[
@Login @HU-001 @LoginOutline @HU-001
Scenario Outline: Intentos de inicio de sesiÃ³n con diferentes credenciales # src/test/resources/features/login.feature:19
  Given que el usuario abre la pÃ¡gina de login                             # steps.LoginSteps.abrirPaginaLogin()
  When ingresa el correo "usuarioX"                                        # steps.LoginSteps.ingresarCorreo(java.lang.String)
  And la contraseÃ±a "SuperSecretPassword!"                                 # steps.LoginSteps.ingresarPassword(java.lang.String)
  And hace clic en el botÃ³n de iniciar sesiÃ³n                              # steps.LoginSteps.clicIniciarSesion()
Mensaje capturado: 'Your username is invalid!'
  Then deberÃ­a ver el mensaje "Your username is invalid!"                  # steps.LoginSteps.validarMensaje(java.lang.String)
]]></system-out>
    <system-err><![CDATA[ago. 12, 2025 1:08:46 P. M. org.openqa.selenium.devtools.CdpVersionFinder findNearestMatch
WARNING: Unable to find CDP implementation matching 139
ago. 12, 2025 1:08:46 P. M. org.openqa.selenium.chromium.ChromiumDriver lambda$new$5
WARNING: Unable to find version of CDP to use for 139.0.7258.66. You may need to include a dependency on a specific version of the CDP using something similar to `org.seleniumhq.selenium:selenium-devtools-v86:4.21.0` where the version ("v86") matches the version of the chromium-based browser you're using and the version number of the artifact is the same as Selenium's.
]]></system-err>
  </testcase>
  <testcase name="Intentos de inicio de sesión con diferentes credenciales #4" classname="Inicio de sesión en la aplicación" time="5.921">
    <system-out><![CDATA[
@Login @HU-001 @LoginOutline @HU-001
Scenario Outline: Intentos de inicio de sesiÃ³n con diferentes credenciales # src/test/resources/features/login.feature:20
  Given que el usuario abre la pÃ¡gina de login                             # steps.LoginSteps.abrirPaginaLogin()
  When ingresa el correo ""                                                # steps.LoginSteps.ingresarCorreo(java.lang.String)
  And la contraseÃ±a ""                                                     # steps.LoginSteps.ingresarPassword(java.lang.String)
  And hace clic en el botÃ³n de iniciar sesiÃ³n                              # steps.LoginSteps.clicIniciarSesion()
Mensaje capturado: 'Your username is invalid!'
  Then deberÃ­a ver el mensaje "Your username is invalid!"                  # steps.LoginSteps.validarMensaje(java.lang.String)
]]></system-out>
    <system-err><![CDATA[ago. 12, 2025 1:08:50 P. M. org.openqa.selenium.devtools.CdpVersionFinder findNearestMatch
WARNING: Unable to find CDP implementation matching 139
ago. 12, 2025 1:08:50 P. M. org.openqa.selenium.chromium.ChromiumDriver lambda$new$5
WARNING: Unable to find version of CDP to use for 139.0.7258.66. You may need to include a dependency on a specific version of the CDP using something similar to `org.seleniumhq.selenium:selenium-devtools-v86:4.21.0` where the version ("v86") matches the version of the chromium-based browser you're using and the version number of the artifact is the same as Selenium's.
]]></system-err>
  </testcase>
  <testcase name="Intentos de inicio de sesión con diferentes credenciales #5" classname="Inicio de sesión en la aplicación" time="7.045">
    <system-out><![CDATA[
@Login @HU-001 @LoginOutline @HU-001
Scenario Outline: Intentos de inicio de sesiÃ³n con diferentes credenciales # src/test/resources/features/login.feature:21
  Given que el usuario abre la pÃ¡gina de login                             # steps.LoginSteps.abrirPaginaLogin()
  When ingresa el correo "tomsmith"                                        # steps.LoginSteps.ingresarCorreo(java.lang.String)
  And la contraseÃ±a ""                                                     # steps.LoginSteps.ingresarPassword(java.lang.String)
  And hace clic en el botÃ³n de iniciar sesiÃ³n                              # steps.LoginSteps.clicIniciarSesion()
Mensaje capturado: 'Your password is invalid!'
  Then deberÃ­a ver el mensaje "Your password is invalid!"                  # steps.LoginSteps.validarMensaje(java.lang.String)
]]></system-out>
    <system-err><![CDATA[ago. 12, 2025 1:08:59 P. M. org.openqa.selenium.devtools.CdpVersionFinder findNearestMatch
WARNING: Unable to find CDP implementation matching 139
ago. 12, 2025 1:08:59 P. M. org.openqa.selenium.chromium.ChromiumDriver lambda$new$5
WARNING: Unable to find version of CDP to use for 139.0.7258.66. You may need to include a dependency on a specific version of the CDP using something similar to `org.seleniumhq.selenium:selenium-devtools-v86:4.21.0` where the version ("v86") matches the version of the chromium-based browser you're using and the version number of the artifact is the same as Selenium's.
]]></system-err>
  </testcase>
  <testcase name="Intentos de inicio de sesión con diferentes credenciales #6" classname="Inicio de sesión en la aplicación" time="4.313">
    <system-out><![CDATA[
@Login @HU-001 @LoginOutline @HU-001
Scenario Outline: Intentos de inicio de sesiÃ³n con diferentes credenciales # src/test/resources/features/login.feature:22
  Given que el usuario abre la pÃ¡gina de login                             # steps.LoginSteps.abrirPaginaLogin()
  When ingresa el correo ""                                                # steps.LoginSteps.ingresarCorreo(java.lang.String)
  And la contraseÃ±a "SuperSecretPassword!"                                 # steps.LoginSteps.ingresarPassword(java.lang.String)
  And hace clic en el botÃ³n de iniciar sesiÃ³n                              # steps.LoginSteps.clicIniciarSesion()
Mensaje capturado: 'Your username is invalid!'
  Then deberÃ­a ver el mensaje "Your username is invalid!"                  # steps.LoginSteps.validarMensaje(java.lang.String)
]]></system-out>
    <system-err><![CDATA[ago. 12, 2025 1:09:04 P. M. org.openqa.selenium.devtools.CdpVersionFinder findNearestMatch
WARNING: Unable to find CDP implementation matching 139
ago. 12, 2025 1:09:04 P. M. org.openqa.selenium.chromium.ChromiumDriver lambda$new$5
WARNING: Unable to find version of CDP to use for 139.0.7258.66. You may need to include a dependency on a specific version of the CDP using something similar to `org.seleniumhq.selenium:selenium-devtools-v86:4.21.0` where the version ("v86") matches the version of the chromium-based browser you're using and the version number of the artifact is the same as Selenium's.
]]></system-err>
  </testcase>
  <testcase name="Inicio de sesión exitoso" classname="Inicio de sesión en la aplicación" time="3.849">
    <system-out><![CDATA[
@Login @HU-001 @LoginSingle @HU-001
Scenario: Inicio de sesiÃ³n exitoso                             # src/test/resources/features/login.feature:25
  Given que el usuario abre la pÃ¡gina de login                 # steps.LoginSteps.abrirPaginaLogin()
  When ingresa el correo "tomsmith"                            # steps.LoginSteps.ingresarCorreo(java.lang.String)
  And la contraseÃ±a "SuperSecretPassword!"                     # steps.LoginSteps.ingresarPassword(java.lang.String)
  And hace clic en el botÃ³n de iniciar sesiÃ³n                  # steps.LoginSteps.clicIniciarSesion()
Mensaje capturado: 'You logged into a secure area!'
  Then deberÃ­a ver el mensaje "You logged into a secure area!" # steps.LoginSteps.validarMensaje(java.lang.String)
]]></system-out>
    <system-err><![CDATA[ago. 12, 2025 1:09:07 P. M. org.openqa.selenium.devtools.CdpVersionFinder findNearestMatch
WARNING: Unable to find CDP implementation matching 139
ago. 12, 2025 1:09:07 P. M. org.openqa.selenium.chromium.ChromiumDriver lambda$new$5
WARNING: Unable to find version of CDP to use for 139.0.7258.66. You may need to include a dependency on a specific version of the CDP using something similar to `org.seleniumhq.selenium:selenium-devtools-v86:4.21.0` where the version ("v86") matches the version of the chromium-based browser you're using and the version number of the artifact is the same as Selenium's.
]]></system-err>
  </testcase>
  <testcase name="Inicio de sesión fallido por usuario inválido" classname="Inicio de sesión en la aplicación" time="3.672">
    <system-out><![CDATA[
@Login @HU-001 @LoginSingle @HU-001
Scenario: Inicio de sesiÃ³n fallido por usuario invÃ¡lido   # src/test/resources/features/login.feature:33
  Given que el usuario abre la pÃ¡gina de login            # steps.LoginSteps.abrirPaginaLogin()
  When ingresa el correo "usuarioX"                       # steps.LoginSteps.ingresarCorreo(java.lang.String)
  And la contraseÃ±a "SuperSecretPassword!"                # steps.LoginSteps.ingresarPassword(java.lang.String)
  And hace clic en el botÃ³n de iniciar sesiÃ³n             # steps.LoginSteps.clicIniciarSesion()
Mensaje capturado: 'Your username is invalid!'
  Then deberÃ­a ver el mensaje "Your username is invalid!" # steps.LoginSteps.validarMensaje(java.lang.String)
]]></system-out>
    <system-err><![CDATA[ago. 12, 2025 1:09:11 P. M. org.openqa.selenium.devtools.CdpVersionFinder findNearestMatch
WARNING: Unable to find CDP implementation matching 139
ago. 12, 2025 1:09:11 P. M. org.openqa.selenium.chromium.ChromiumDriver lambda$new$5
WARNING: Unable to find version of CDP to use for 139.0.7258.66. You may need to include a dependency on a specific version of the CDP using something similar to `org.seleniumhq.selenium:selenium-devtools-v86:4.21.0` where the version ("v86") matches the version of the chromium-based browser you're using and the version number of the artifact is the same as Selenium's.
]]></system-err>
  </testcase>
</testsuite>